This is pdfTeX, Version 3.141592653-2.6-1.40.24 (TeX Live 2022/Debian) (preloaded format=pdflatex 2024.3.10)  21 MAR 2024 02:12
entering extended mode
 restricted \write18 enabled.
 %&-line parsing enabled.
**better_sprawozdanie.tex
(./better_sprawozdanie.tex
LaTeX2e <2022-11-01> patch level 1
L3 programming layer <2023-01-16>
(/usr/share/texlive/texmf-dist/tex/latex/base/article.cls
Document Class: article 2022/07/02 v1.4n Standard LaTeX document class
(/usr/share/texlive/texmf-dist/tex/latex/base/size10.clo
File: size10.clo 2022/07/02 v1.4n Standard LaTeX file (size option)
)
\c@part=\count185
\c@section=\count186
\c@subsection=\count187
\c@subsubsection=\count188
\c@paragraph=\count189
\c@subparagraph=\count190
\c@figure=\count191
\c@table=\count192
\abovecaptionskip=\skip48
\belowcaptionskip=\skip49
\bibindent=\dimen140
)
(/usr/share/texlive/texmf-dist/tex/latex/base/fontenc.sty
Package: fontenc 2021/04/29 v2.0v Standard LaTeX package
)
(/usr/share/texlive/texmf-dist/tex/latex/base/inputenc.sty
Package: inputenc 2021/02/14 v1.3d Input encoding file
\inpenc@prehook=\toks16
\inpenc@posthook=\toks17
)
(/usr/share/texlive/texmf-dist/tex/generic/babel/babel.sty
Package: babel 2022/12/26 3.84 The Babel package
\babel@savecnt=\count193
\U@D=\dimen141
\l@unhyphenated=\language87

(/usr/share/texlive/texmf-dist/tex/generic/babel/txtbabel.def)
\bbl@readstream=\read2
\bbl@dirlevel=\count194

(/usr/share/texlive/texmf-dist/tex/generic/babel-polish/polish.ldf
Language: polish 2022/03/12 1.3 Babel support for Polish
Package babel Info: Making " an active character on input line 101.
))
(/usr/share/texlive/texmf-dist/tex/generic/babel/locale/pl/babel-polish.tex
Package babel Info: Importing font and identification data for polish
(babel)             from babel-pl.ini. Reported on input line 11.
)
(/usr/share/texlive/texmf-dist/tex/latex/amsmath/amsmath.sty
Package: amsmath 2022/04/08 v2.17n AMS math features
\@mathmargin=\skip50

For additional information on amsmath, use the `?' option.
(/usr/share/texlive/texmf-dist/tex/latex/amsmath/amstext.sty
Package: amstext 2021/08/26 v2.01 AMS text

(/usr/share/texlive/texmf-dist/tex/latex/amsmath/amsgen.sty
File: amsgen.sty 1999/11/30 v2.0 generic functions
\@emptytoks=\toks18
\ex@=\dimen142
))
(/usr/share/texlive/texmf-dist/tex/latex/amsmath/amsbsy.sty
Package: amsbsy 1999/11/29 v1.2d Bold Symbols
\pmbraise@=\dimen143
)
(/usr/share/texlive/texmf-dist/tex/latex/amsmath/amsopn.sty
Package: amsopn 2022/04/08 v2.04 operator names
)
\inf@bad=\count195
LaTeX Info: Redefining \frac on input line 234.
\uproot@=\count196
\leftroot@=\count197
LaTeX Info: Redefining \overline on input line 399.
LaTeX Info: Redefining \colon on input line 410.
\classnum@=\count198
\DOTSCASE@=\count199
LaTeX Info: Redefining \ldots on input line 496.
LaTeX Info: Redefining \dots on input line 499.
LaTeX Info: Redefining \cdots on input line 620.
\Mathstrutbox@=\box51
\strutbox@=\box52
LaTeX Info: Redefining \big on input line 722.
LaTeX Info: Redefining \Big on input line 723.
LaTeX Info: Redefining \bigg on input line 724.
LaTeX Info: Redefining \Bigg on input line 725.
\big@size=\dimen144
LaTeX Font Info:    Redeclaring font encoding OML on input line 743.
LaTeX Font Info:    Redeclaring font encoding OMS on input line 744.
\macc@depth=\count266
LaTeX Info: Redefining \bmod on input line 905.
LaTeX Info: Redefining \pmod on input line 910.
LaTeX Info: Redefining \smash on input line 940.
LaTeX Info: Redefining \relbar on input line 970.
LaTeX Info: Redefining \Relbar on input line 971.
\c@MaxMatrixCols=\count267
\dotsspace@=\muskip16
\c@parentequation=\count268
\dspbrk@lvl=\count269
\tag@help=\toks19
\row@=\count270
\column@=\count271
\maxfields@=\count272
\andhelp@=\toks20
\eqnshift@=\dimen145
\alignsep@=\dimen146
\tagshift@=\dimen147
\tagwidth@=\dimen148
\totwidth@=\dimen149
\lineht@=\dimen150
\@envbody=\toks21
\multlinegap=\skip51
\multlinetaggap=\skip52
\mathdisplay@stack=\toks22
LaTeX Info: Redefining \[ on input line 2953.
LaTeX Info: Redefining \] on input line 2954.
)
(/usr/share/texlive/texmf-dist/tex/latex/amsfonts/amsfonts.sty
Package: amsfonts 2013/01/14 v3.01 Basic AMSFonts support
\symAMSa=\mathgroup4
\symAMSb=\mathgroup5
LaTeX Font Info:    Redeclaring math symbol \hbar on input line 98.
LaTeX Font Info:    Overwriting math alphabet `\mathfrak' in version `bold'
(Font)                  U/euf/m/n --> U/euf/b/n on input line 106.
)
(/usr/share/texlive/texmf-dist/tex/latex/graphics/graphicx.sty
Package: graphicx 2021/09/16 v1.2d Enhanced LaTeX Graphics (DPC,SPQR)

(/usr/share/texlive/texmf-dist/tex/latex/graphics/keyval.sty
Package: keyval 2022/05/29 v1.15 key=value parser (DPC)
\KV@toks@=\toks23
)
(/usr/share/texlive/texmf-dist/tex/latex/graphics/graphics.sty
Package: graphics 2022/03/10 v1.4e Standard LaTeX Graphics (DPC,SPQR)

(/usr/share/texlive/texmf-dist/tex/latex/graphics/trig.sty
Package: trig 2021/08/11 v1.11 sin cos tan (DPC)
)
(/usr/share/texlive/texmf-dist/tex/latex/graphics-cfg/graphics.cfg
File: graphics.cfg 2016/06/04 v1.11 sample graphics configuration
)
Package graphics Info: Driver file: pdftex.def on input line 107.

(/usr/share/texlive/texmf-dist/tex/latex/graphics-def/pdftex.def
File: pdftex.def 2022/09/22 v1.2b Graphics/color driver for pdftex
))
\Gin@req@height=\dimen151
\Gin@req@width=\dimen152
)
(/usr/share/texlive/texmf-dist/tex/latex/titlesec/titlesec.sty
Package: titlesec 2021/07/05 v2.14 Sectioning titles
\ttl@box=\box53
\beforetitleunit=\skip53
\aftertitleunit=\skip54
\ttl@plus=\dimen153
\ttl@minus=\dimen154
\ttl@toksa=\toks24
\titlewidth=\dimen155
\titlewidthlast=\dimen156
\titlewidthfirst=\dimen157
)
(/usr/share/texlive/texmf-dist/tex/latex/l3backend/l3backend-pdftex.def
File: l3backend-pdftex.def 2023-01-16 L3 backend support: PDF output (pdfTeX)
\l__color_backend_stack_int=\count273
\l__pdf_internal_box=\box54
)
(./better_sprawozdanie.aux)
\openout1 = `better_sprawozdanie.aux'.

LaTeX Font Info:    Checking defaults for OML/cmm/m/it on input line 26.
LaTeX Font Info:    ... okay on input line 26.
LaTeX Font Info:    Checking defaults for OMS/cmsy/m/n on input line 26.
LaTeX Font Info:    ... okay on input line 26.
LaTeX Font Info:    Checking defaults for OT1/cmr/m/n on input line 26.
LaTeX Font Info:    ... okay on input line 26.
LaTeX Font Info:    Checking defaults for T1/cmr/m/n on input line 26.
LaTeX Font Info:    ... okay on input line 26.
LaTeX Font Info:    Checking defaults for TS1/cmr/m/n on input line 26.
LaTeX Font Info:    ... okay on input line 26.
LaTeX Font Info:    Checking defaults for OMX/cmex/m/n on input line 26.
LaTeX Font Info:    ... okay on input line 26.
LaTeX Font Info:    Checking defaults for U/cmr/m/n on input line 26.
LaTeX Font Info:    ... okay on input line 26.

(/usr/share/texlive/texmf-dist/tex/context/base/mkii/supp-pdf.mkii
[Loading MPS to PDF converter (version 2006.09.02).]
\scratchcounter=\count274
\scratchdimen=\dimen158
\scratchbox=\box55
\nofMPsegments=\count275
\nofMParguments=\count276
\everyMPshowfont=\toks25
\MPscratchCnt=\count277
\MPscratchDim=\dimen159
\MPnumerator=\count278
\makeMPintoPDFobject=\count279
\everyMPtoPDFconversion=\toks26
) (/usr/share/texlive/texmf-dist/tex/latex/epstopdf-pkg/epstopdf-base.sty
Package: epstopdf-base 2020-01-24 v2.11 Base part for package epstopdf
Package epstopdf-base Info: Redefining graphics rule for `.eps' on input line 4
85.

(/usr/share/texlive/texmf-dist/tex/latex/latexconfig/epstopdf-sys.cfg
File: epstopdf-sys.cfg 2010/07/13 v1.3 Configuration of (r)epstopdf for TeX Liv
e
))
LaTeX Font Info:    Trying to load font information for U+msa on input line 27.


(/usr/share/texlive/texmf-dist/tex/latex/amsfonts/umsa.fd
File: umsa.fd 2013/01/14 v3.01 AMS symbols A
)
LaTeX Font Info:    Trying to load font information for U+msb on input line 27.


(/usr/share/texlive/texmf-dist/tex/latex/amsfonts/umsb.fd
File: umsb.fd 2013/01/14 v3.01 AMS symbols B
)
<gui.png, id=1, 1927.2pt x 1084.05pt>
File: gui.png Graphic file (type png)
<use gui.png>
Package pdftex.def Info: gui.png  used on input line 36.
(pdftex.def)             Requested size: 398.33858pt x 224.05122pt.

Overfull \hbox (53.33858pt too wide) in paragraph at lines 36--38
 [][] 
 []


LaTeX Warning: `!h' float specifier changed to `!ht'.


Overfull \hbox (4.84795pt too wide) in paragraph at lines 42--42
|[]\T1/cmr/bx/n/14.4 Opis im-ple-men-ta-cji oraz me-tod ge-ne-ro-wa-nia da-
 []

[1

{/var/lib/texmf/fonts/map/pdftex/updmap/pdftex.map}]
LaTeX Font Info:    Trying to load font information for T1+cmtt on input line 4
7.

(/usr/share/texlive/texmf-dist/tex/latex/base/t1cmtt.fd
File: t1cmtt.fd 2022/07/10 v2.5l Standard LaTeX font definitions
)
Overfull \hbox (1.4154pt too wide) in paragraph at lines 50--50
[]\T1/cmtt/m/n/10 gnuplot -e "max=1." -e "min=-1." -e "n=10" -e "outfile='foo.p
ng'"\[] 
 []


Overfull \hbox (17.16156pt too wide) in paragraph at lines 50--50
[]\T1/cmtt/m/n/10 -e "infile='data.txt'" -e "plottitle='Signal A histogram'" sc
ript.plt[] 
 []

[2 <./gui.png>]
Overfull \hbox (38.15643pt too wide) in paragraph at lines 91--91
[] \T1/cmtt/m/n/10 * Uses Marsaglia polar method and rand() to generate a stand
ard-normally[] 
 []

[3]
<sine_config.png, id=18, 670.505pt x 278.03876pt>
File: sine_config.png Graphic file (type png)
<use sine_config.png>
Package pdftex.def Info: sine_config.png  used on input line 98.
(pdftex.def)             Requested size: 398.33858pt x 165.17844pt.

Overfull \hbox (53.33858pt too wide) in paragraph at lines 98--100
 [][] 
 []

[4 <./sine_config.png>]
<sine_plot.png, id=23, 793.96625pt x 629.35126pt>
File: sine_plot.png Graphic file (type png)
<use sine_plot.png>
Package pdftex.def Info: sine_plot.png  used on input line 106.
(pdftex.def)             Requested size: 398.33858pt x 315.76001pt.

Overfull \hbox (53.33858pt too wide) in paragraph at lines 106--108
 [][] 
 []

[5 <./sine_plot.png>]
<sine_histosum.png, id=27, 809.0225pt x 644.4075pt>
File: sine_histosum.png Graphic file (type png)
<use sine_histosum.png>
Package pdftex.def Info: sine_histosum.png  used on input line 114.
(pdftex.def)             Requested size: 398.33858pt x 317.28653pt.

Overfull \hbox (53.33858pt too wide) in paragraph at lines 114--116
 [][] 
 []

[6 <./sine_histosum.png>]
<gauss_config.png, id=31, 724.7075pt x 277.035pt>
File: gauss_config.png Graphic file (type png)
<use gauss_config.png>
Package pdftex.def Info: gauss_config.png  used on input line 126.
(pdftex.def)             Requested size: 398.33858pt x 152.27672pt.

Overfull \hbox (53.33858pt too wide) in paragraph at lines 126--128
 [][] 
 []

[7 <./gauss_config.png>]
<gauss_plot.png, id=36, 803.0pt x 637.38126pt>
File: gauss_plot.png Graphic file (type png)
<use gauss_plot.png>
Package pdftex.def Info: gauss_plot.png  used on input line 134.
(pdftex.def)             Requested size: 398.33858pt x 316.19035pt.

Overfull \hbox (53.33858pt too wide) in paragraph at lines 134--136
 [][] 
 []

[8 <./gauss_plot.png>]
<gauss_histosum.png, id=40, 833.1125pt x 642.4pt>
File: gauss_histosum.png Graphic file (type png)
<use gauss_histosum.png>
Package pdftex.def Info: gauss_histosum.png  used on input line 142.
(pdftex.def)             Requested size: 398.33858pt x 307.15263pt.

Overfull \hbox (53.33858pt too wide) in paragraph at lines 142--144
 [][] 
 []

[9 <./gauss_histosum.png>]
<add_plotconfig.png, id=44, 1840.8775pt x 1000.73875pt>
File: add_plotconfig.png Graphic file (type png)
<use add_plotconfig.png>
Package pdftex.def Info: add_plotconfig.png  used on input line 153.
(pdftex.def)             Requested size: 398.33858pt x 216.5442pt.

Overfull \hbox (53.33858pt too wide) in paragraph at lines 153--155
 [][] 
 []

[10 <./add_plotconfig.png>]
<shifted_gauss.png, id=48, 805.0075pt x 924.45375pt>
File: shifted_gauss.png Graphic file (type png)
<use shifted_gauss.png>
Package pdftex.def Info: shifted_gauss.png  used on input line 161.
(pdftex.def)             Requested size: 398.33858pt x 457.4438pt.

Overfull \hbox (53.33858pt too wide) in paragraph at lines 161--163
 [][] 
 []

[11 <./shifted_gauss.png>]
<shifted_gauss_hist.png, id=52, 851.18pt x 651.43375pt>
File: shifted_gauss_hist.png Graphic file (type png)
<use shifted_gauss_hist.png>
Package pdftex.def Info: shifted_gauss_hist.png  used on input line 169.
(pdftex.def)             Requested size: 398.33858pt x 304.8618pt.

Overfull \hbox (53.33858pt too wide) in paragraph at lines 169--171
 [][] 
 []

[12 <./shifted_gauss_hist.png>] [13] (./better_sprawozdanie.aux) ) 
Here is how much of TeX's memory you used:
 3850 strings out of 476091
 60660 string characters out of 5794081
 1858330 words of memory out of 5000000
 24193 multiletter control sequences out of 15000+600000
 521859 words of font info for 57 fonts, out of 8000000 for 9000
 1141 hyphenation exceptions out of 8191
 57i,6n,62p,961b,355s stack positions out of 10000i,1000n,20000p,200000b,200000s
{/usr/share/t
exmf/fonts/enc/dvips/cm-super/cm-super-t1.enc}</usr/share/texmf/fonts/type1/pub
lic/cm-super/sfbx1200.pfb></usr/share/texmf/fonts/type1/public/cm-super/sfbx144
0.pfb></usr/share/texmf/fonts/type1/public/cm-super/sfrm1000.pfb></usr/share/te
xmf/fonts/type1/public/cm-super/sfrm1200.pfb></usr/share/texmf/fonts/type1/publ
ic/cm-super/sfrm1728.pfb></usr/share/texmf/fonts/type1/public/cm-super/sftt1000
.pfb>
Output written on better_sprawozdanie.pdf (13 pages, 936061 bytes).
PDF statistics:
 88 PDF objects out of 1000 (max. 8388607)
 50 compressed objects within 1 object stream
 0 named destinations out of 1000 (max. 500000)
 51 words of extra memory for PDF output out of 10000 (max. 10000000)

